#######################################
# Update Time: 2022-03-21
# QuantumultX  商店版更新日志
#######################################


2022-03-27

Quantumult X 正式版更新 1.0.28

商店连接

商店更新说明：

- 支持 Trojan+Websocket
- 为 url-latency-benchmark 类型策略组新增 alive-checking 参数（无使用情况下亦按照设定时间进行检测切换）
- 新增网络出口 multi-interface-balance ， ”负载均衡“ 以提供更大的出入口带宽（多连接应用
- 细节改善及修复

未提及更新内容：

- 支持热点共享代理（使用方式与 Wi-Fi 共享代理类似，需在另一设备上设置 http/socks 代理）
- 延迟数据第二项改为 http 相应与请求发起时间的差值
- dns 页面过期横杠线

1.0.27  2022 年 1 月 15 日
- 支持代理协议 VMess 的 AEAD（标头）。
- 支持代理协议 VMess 的 UDP 中继（UDP over TCP）。
- 支持代理协议木马的UDP中继（UDP over TCP）。
- 支持过滤规则，新增选项 via-interface（例如：via-interface=en1），方便在不同接口上拆分流量（主要针对 M1 芯片 Mac 用户）。
- 错误修复和其他小改进。

1.0.26  2021 年 10 月 20 日
- 修复了在 iPad 上连接键盘或铅笔时可能发生的崩溃。

1.0.25  2021 年 10 月 15 日
- 为过滤规则添加额外的参数以自定义出站接口。请在应用程序中查看示例配置以了解详细信息。
- 错误修复和其他小改进。

1.0.24  2021 年 8 月 12 日
- 为自定义 DoH 请求头字段“User-Agent”添加选项“doh_user_agent”，详情请查看应用中的示例配置（“[general]”部分）。
- 选项“excluded_ssids”可以与 DoH 设置一起部署，请查看应用程序中的示例配置（“[dns]”部分）了解详细信息。
- 添加新类型的代理策略“dest-hash”。
- 错误修复和其他小改进。

1.0.23  2021 年 7 月 5 日
- 添加 DNS over HTTPS(DoH) 支持，查看应用程序中的示例配置以了解详细信息。
- 错误修复和其他小改进。

1.0.22  2021 年 6 月 13 日
- 为DNS模块添加excluded_ssids选项（可在configuraiton文件中配置）以排除特定环境下的自定义DNS服务器。
- 在 MitM 模块中添加了对仅 TLS 1.3 请求的支持。
- 错误修复和其他小改进。

1.0.21  2021 年 4 月 18 日
- 针对 iOS 13 优化了 HTTP 相关的调试工具，我们仍然建议您升级到 iOS 14 以获得更好的体验。
- 可以在 UI 中查看和搜索配置片段的内容。
- 错误修复和其他小改进。

1.0.20  2021 年 3 月 16 日
- 支持HTTP调试记录的HTTP请求URL、请求头、请求体、响应头和响应体的组合搜索选项。
- 修复了在后台切换或切换到暗模式时显示不一致的问题。
- 错误修复和其他小改进。

1.0.19  2021 年 2 月 6 日
- 支持使用原始数据重写 HTTP 正文。
- 添加新型代理策略“url-latency-benchmark”。
- 错误修复和其他小改进。

1.0.18  2021 年 1 月 9 日
- 优化 Quantumult X TUN 界面。
- 当 Quantumult X（在 M1 芯片 Mac 上）作为其他 LAN 设备的网关时，显着提高了网络吞吐量。
- Bug修复。
- 其他小的调整和改进。

1.0.17  2020 年 12 月 6 日
- 修复了 M1 芯片 Mac 上的一些兼容问题。
- 修复了用户在编写 HTTP 请求时错误地设置了 Content-Length 标头字段的问题。
- 添加 cron 任务库。
- 其他小的改进。

1.0.16  2020 年 11 月 8 日
- 针对 iPhone 12 和 iPhone 12 Pro 的优化
- 支持意图扩展
- HTTP 重写和 HTTP 调试模块的改进
- 错误修复和其他小改进

1.0.15  2020 年 10 月 8 日
- 修复：基于 TLS 1.3 的代理可能会导致崩溃。

1.0.14  2020 年 9 月 30 日
- 支持本地 HTTP 代理服务器。
- 支持本地 SOCKS5 代理服务器。
- 错误修复和小改进。

1.0.13  2020 年 7 月 26 日
- 您可以仅为“HTTP 调试”功能设置额外的 MitM 主机名，当“HTTP 调试”关闭时，这些主机名将被忽略。
- 错误修复和小改进。

1.0.12  2020 年 6 月 27 日
- 改进了 HTTP 重写规则配置面板。
- 其他小的改进。

1.0.11  2020 年 6 月 22 日
- 支持手动更新资源解析器。
- Bug修复。

1.0.10  2020 年 6 月 13 日
- 支持在应用程序中创建个人资料片段。
- 为策略添加新参数 resource-tag-regex 和 server-tag-regex。
- 错误修复和性能改进。

1.0.9  2020 年 5 月 11 日
- 支持 cron 表达式的 6 字段语法。
- Bug修复。

1.0.8  2020 年 5 月 3 日
- 支持搜索TCP请求记录。
- 支持过滤规则的 IPv6 CIDR。
- 支持从 iCloud Quantumult X 文件夹中的文件链接到部分配置文件。
- 当用户配置大量与域相关的过滤规则时，优化内存使用。
- 错误修复和小改进。

1.0.7  2020 年 4 月 4 日
- 支持使用正则表达式重写 HTTP(S) 请求正文。
- 支持基于 TLS 的代理协议的 TLS 1.3。
- 支持新的外部代理协议木马，详见示例配置。
- 支持带有高亮效果的 JSON 查看器。
- 错误修复和小改进。

1.0.6  2020年 3 月 12 日
- 支持重写 HTTP 请求正文。
- 支持重放 HTTP 请求。
- 错误修复和小改进。
